生成启动时间为 2018/5/3 20:51:07。
     1>项目“E:\有用的技术\手写识别\Simple Recognizer\Simple Recognizer\Simple Recognizer.vcxproj”在节点 2 上(Build 个目标)。
     1>ClCompile:
         C:\Program Files (x86)\Microsoft Visual Studio 12.0\VC\bin\CL.exe /c /ZI /nologo /W3 /WX- /Od /Oy- /D WIN32 /D _WINDOWS /D _DEBUG /D _UNICODE /D UNICODE /Gm /EHsc /RTC1 /MTd /GS /fp:precise /Zc:wchar_t /Zc:forScope /Yc"stdafx.h" /Fp"Debug\Simple Recognizer.pch" /Fo"Debug\\" /Fd"Debug\vc120.pdb" /Gd /TP /analyze- /errorReport:prompt stdafx.cpp
         stdafx.cpp
         C:\Program Files (x86)\Microsoft Visual Studio 12.0\VC\bin\CL.exe /c /ZI /nologo /W3 /WX- /Od /Oy- /D WIN32 /D _WINDOWS /D _DEBUG /D _UNICODE /D UNICODE /Gm /EHsc /RTC1 /MTd /GS /fp:precise /Zc:wchar_t /Zc:forScope /Yu"stdafx.h" /Fp"Debug\Simple Recognizer.pch" /Fo"Debug\\" /Fd"Debug\vc120.pdb" /Gd /TP /analyze- /errorReport:prompt inkedit2.cpp "Simple Recognizer.cpp" "Simple RecognizerDlg.cpp"
         Simple RecognizerDlg.cpp
         Simple Recognizer.cpp
         inkedit2.cpp
         正在生成代码...
       ResourceCompile:
         C:\Program Files (x86)\Windows Kits\8.1\bin\x86\rc.exe /D _DEBUG /D _UNICODE /D UNICODE /l"0x0804" /IDebug\ /nologo /fo"Debug\Simple Recognizer.res" "Simple Recognizer.rc" 
       Link:
         C:\Program Files (x86)\Microsoft Visual Studio 12.0\VC\bin\link.exe /ERRORREPORT:PROMPT /OUT:"E:\有用的技术\手写识别\Simple Recognizer\Debug\Simple Recognizer.exe" /INCREMENTAL /NOLOGO /MANIFEST /MANIFESTUAC:"level='asInvoker' uiAccess='false'" /manifest:embed /manifestinput:"C:\Program Files (x86)\Microsoft Visual Studio 12.0\VC\Include\Manifest\dpiaware.manifest" /DEBUG /PDB:"E:\有用的技术\手写识别\Simple Recognizer\Debug\Simple Recognizer.pdb" /SUBSYSTEM:WINDOWS /TLBID:1 /ENTRY:"wWinMainCRTStartup" /DYNAMICBASE /NXCOMPAT /IMPLIB:"E:\有用的技术\手写识别\Simple Recognizer\Debug\Simple Recognizer.lib" /MACHINE:X86 "Debug\Simple Recognizer.res"
         Debug\inkedit2.obj
         "Debug\Simple Recognizer.obj"
         "Debug\Simple RecognizerDlg.obj"
         Debug\stdafx.obj
         Simple Recognizer.vcxproj -> E:\有用的技术\手写识别\Simple Recognizer\Debug\Simple Recognizer.exe
     1>已完成生成项目“E:\有用的技术\手写识别\Simple Recognizer\Simple Recognizer\Simple Recognizer.vcxproj”(Build 个目标)的操作。

生成成功。

已用时间 00:00:14.72
